This is XeTeX, Version 3.141592653-2.6-0.999996 (TeX Live 2024) (preloaded format=xelatex 2024.3.14)  18 SEP 2025 10:11
entering extended mode
 restricted \write18 enabled.
 %&-line parsing enabled.
**poker-en.tex
(./poker-en.tex
LaTeX2e <2023-11-01> patch level 1
L3 programming layer <2024-02-20>

(e:/LaTeX2024/LaTeX2024/texlive/texlive/texlive/2024/texmf-dist/tex/latex/base/
article.cls
Document Class: article 2023/05/17 v1.4n Standard LaTeX document class

(e:/LaTeX2024/LaTeX2024/texlive/texlive/texlive/2024/texmf-dist/tex/latex/base/
size12.clo
File: size12.clo 2023/05/17 v1.4n Standard LaTeX file (size option)
)
\c@part=\count184
\c@section=\count185
\c@subsection=\count186
\c@subsubsection=\count187
\c@paragraph=\count188
\c@subparagraph=\count189
\c@figure=\count190
\c@table=\count191
\abovecaptionskip=\skip48
\belowcaptionskip=\skip49
\bibindent=\dimen140
)
(e:/LaTeX2024/LaTeX2024/texlive/texlive/texlive/2024/texmf-dist/tex/latex/pst-p
oker/pst-poker.sty
(e:/LaTeX2024/LaTeX2024/texlive/texlive/texlive/2024/texmf-dist/tex/latex/pstri
cks/pstricks.sty
Package: pstricks 2024/02/02 v0.75 LaTeX wrapper for `PSTricks' (RN,HV)

(e:/LaTeX2024/LaTeX2024/texlive/texlive/texlive/2024/texmf-dist/tex/generic/ift
ex/iftex.sty
Package: iftex 2022/02/03 v1.0f TeX engine tests
)
(e:/LaTeX2024/LaTeX2024/texlive/texlive/texlive/2024/texmf-dist/tex/latex/xcolo
r/xcolor.sty
Package: xcolor 2023/11/15 v3.01 LaTeX color extensions (UK)

(e:/LaTeX2024/LaTeX2024/texlive/texlive/texlive/2024/texmf-dist/tex/latex/graph
ics-cfg/color.cfg
File: color.cfg 2016/01/02 v1.6 sample color configuration
)
Package xcolor Info: Driver file: xetex.def on input line 274.

(e:/LaTeX2024/LaTeX2024/texlive/texlive/texlive/2024/texmf-dist/tex/latex/graph
ics-def/xetex.def
File: xetex.def 2022/09/22 v5.0n Graphics/color driver for xetex
)
(e:/LaTeX2024/LaTeX2024/texlive/texlive/texlive/2024/texmf-dist/tex/latex/graph
ics/mathcolor.ltx)
Package xcolor Info: Model `cmy' substituted by `cmy0' on input line 1350.
Package xcolor Info: Model `RGB' extended on input line 1366.
Package xcolor Info: Model `HTML' substituted by `rgb' on input line 1368.
Package xcolor Info: Model `Hsb' substituted by `hsb' on input line 1369.
Package xcolor Info: Model `tHsb' substituted by `hsb' on input line 1370.
Package xcolor Info: Model `HSB' substituted by `hsb' on input line 1371.
Package xcolor Info: Model `Gray' substituted by `gray' on input line 1372.
Package xcolor Info: Model `wave' substituted by `hsb' on input line 1373.
)
(e:/LaTeX2024/LaTeX2024/texlive/texlive/texlive/2024/texmf-dist/tex/generic/xke
yval/pst-xkey.tex
File: pst-xkey.tex 2005/11/25 v1.6 PSTricks specialization of xkeyval (HA)

(e:/LaTeX2024/LaTeX2024/texlive/texlive/texlive/2024/texmf-dist/tex/latex/xkeyv
al/xkeyval.sty
Package: xkeyval 2022/06/16 v2.9 package option processing (HA)

(e:/LaTeX2024/LaTeX2024/texlive/texlive/texlive/2024/texmf-dist/tex/generic/xke
yval/xkeyval.tex
(e:/LaTeX2024/LaTeX2024/texlive/texlive/texlive/2024/texmf-dist/tex/generic/xke
yval/xkvutils.tex
\XKV@toks=\toks17
\XKV@tempa@toks=\toks18

(e:/LaTeX2024/LaTeX2024/texlive/texlive/texlive/2024/texmf-dist/tex/generic/xke
yval/keyval.tex))
\XKV@depth=\count192
File: xkeyval.tex 2014/12/03 v2.7a key=value parser (HA)
)))
(e:/LaTeX2024/LaTeX2024/texlive/texlive/texlive/2024/texmf-dist/tex/generic/pst
ricks/pstricks.tex
(e:/LaTeX2024/LaTeX2024/texlive/texlive/texlive/2024/texmf-dist/tex/generic/pst
ricks/pst-fp.tex `pst-fp' v0.06, 2020/11/20 (hv)
\pstFP@xs=\count193
\pstFP@xia=\count194
\pstFP@xib=\count195
\pstFP@xfa=\count196
\pstFP@xfb=\count197
\pstFP@rega=\count198
\pstFP@regb=\count199
\pstFP@regs=\count266
\pstFP@times=\count267
)
(e:/LaTeX2024/LaTeX2024/texlive/texlive/texlive/2024/texmf-dist/tex/latex/pgf/u
tilities/pgffor.sty
(e:/LaTeX2024/LaTeX2024/texlive/texlive/texlive/2024/texmf-dist/tex/latex/pgf/u
tilities/pgfrcs.sty
(e:/LaTeX2024/LaTeX2024/texlive/texlive/texlive/2024/texmf-dist/tex/generic/pgf
/utilities/pgfutil-common.tex
\pgfutil@everybye=\toks19
\pgfutil@tempdima=\dimen141
\pgfutil@tempdimb=\dimen142
)
(e:/LaTeX2024/LaTeX2024/texlive/texlive/texlive/2024/texmf-dist/tex/generic/pgf
/utilities/pgfutil-latex.def
\pgfutil@abb=\box51
)
(e:/LaTeX2024/LaTeX2024/texlive/texlive/texlive/2024/texmf-dist/tex/generic/pgf
/utilities/pgfrcs.code.tex
(e:/LaTeX2024/LaTeX2024/texlive/texlive/texlive/2024/texmf-dist/tex/generic/pgf
/pgf.revision.tex)
Package: pgfrcs 2023-01-15 v3.1.10 (3.1.10)
))
(e:/LaTeX2024/LaTeX2024/texlive/texlive/texlive/2024/texmf-dist/tex/latex/pgf/u
tilities/pgfkeys.sty
(e:/LaTeX2024/LaTeX2024/texlive/texlive/texlive/2024/texmf-dist/tex/generic/pgf
/utilities/pgfkeys.code.tex
\pgfkeys@pathtoks=\toks20
\pgfkeys@temptoks=\toks21

(e:/LaTeX2024/LaTeX2024/texlive/texlive/texlive/2024/texmf-dist/tex/generic/pgf
/utilities/pgfkeyslibraryfiltered.code.tex
\pgfkeys@tmptoks=\toks22
)))
(e:/LaTeX2024/LaTeX2024/texlive/texlive/texlive/2024/texmf-dist/tex/latex/pgf/m
ath/pgfmath.sty
(e:/LaTeX2024/LaTeX2024/texlive/texlive/texlive/2024/texmf-dist/tex/generic/pgf
/math/pgfmath.code.tex
(e:/LaTeX2024/LaTeX2024/texlive/texlive/texlive/2024/texmf-dist/tex/generic/pgf
/math/pgfmathutil.code.tex
\pgf@x=\dimen143
\pgf@xa=\dimen144
\pgf@xb=\dimen145
\pgf@xc=\dimen146
\pgf@y=\dimen147
\pgf@ya=\dimen148
\pgf@yb=\dimen149
\pgf@yc=\dimen150
\c@pgf@counta=\count268
\c@pgf@countb=\count269
\c@pgf@countc=\count270
\c@pgf@countd=\count271
)
(e:/LaTeX2024/LaTeX2024/texlive/texlive/texlive/2024/texmf-dist/tex/generic/pgf
/math/pgfmathparser.code.tex
\pgfmath@dimen=\dimen151
\pgfmath@count=\count272
\pgfmath@box=\box52
\pgfmath@toks=\toks23
\pgfmath@stack@operand=\toks24
\pgfmath@stack@operation=\toks25
)
(e:/LaTeX2024/LaTeX2024/texlive/texlive/texlive/2024/texmf-dist/tex/generic/pgf
/math/pgfmathfunctions.code.tex)
(e:/LaTeX2024/LaTeX2024/texlive/texlive/texlive/2024/texmf-dist/tex/generic/pgf
/math/pgfmathfunctions.basic.code.tex)
(e:/LaTeX2024/LaTeX2024/texlive/texlive/texlive/2024/texmf-dist/tex/generic/pgf
/math/pgfmathfunctions.trigonometric.code.tex)
(e:/LaTeX2024/LaTeX2024/texlive/texlive/texlive/2024/texmf-dist/tex/generic/pgf
/math/pgfmathfunctions.random.code.tex)
(e:/LaTeX2024/LaTeX2024/texlive/texlive/texlive/2024/texmf-dist/tex/generic/pgf
/math/pgfmathfunctions.comparison.code.tex)
(e:/LaTeX2024/LaTeX2024/texlive/texlive/texlive/2024/texmf-dist/tex/generic/pgf
/math/pgfmathfunctions.base.code.tex)
(e:/LaTeX2024/LaTeX2024/texlive/texlive/texlive/2024/texmf-dist/tex/generic/pgf
/math/pgfmathfunctions.round.code.tex)
(e:/LaTeX2024/LaTeX2024/texlive/texlive/texlive/2024/texmf-dist/tex/generic/pgf
/math/pgfmathfunctions.misc.code.tex)
(e:/LaTeX2024/LaTeX2024/texlive/texlive/texlive/2024/texmf-dist/tex/generic/pgf
/math/pgfmathfunctions.integerarithmetics.code.tex)
(e:/LaTeX2024/LaTeX2024/texlive/texlive/texlive/2024/texmf-dist/tex/generic/pgf
/math/pgfmathcalc.code.tex)
(e:/LaTeX2024/LaTeX2024/texlive/texlive/texlive/2024/texmf-dist/tex/generic/pgf
/math/pgfmathfloat.code.tex
\c@pgfmathroundto@lastzeros=\count273
)))
(e:/LaTeX2024/LaTeX2024/texlive/texlive/texlive/2024/texmf-dist/tex/generic/pgf
/utilities/pgffor.code.tex
Package: pgffor 2023-01-15 v3.1.10 (3.1.10)
\pgffor@iter=\dimen152
\pgffor@skip=\dimen153
\pgffor@stack=\toks26
\pgffor@toks=\toks27
))
\psLoopIndex=\count274

`PSTricks' v3.19c  <2024/02/02> (tvz,hv)
\pst@dima=\dimen154
\pst@dimb=\dimen155
\pst@dimc=\dimen156
\pst@dimd=\dimen157
\pst@dimg=\dimen158
\pst@dimh=\dimen159
\pst@dimm=\dimen160
\pst@dimn=\dimen161
\pst@dimo=\dimen162
\pst@dimp=\dimen163
\pst@hbox=\box53
\pst@ibox=\box54
\pst@boxg=\box55
\pst@cnta=\count275
\pst@cntb=\count276
\pst@cntc=\count277
\pst@cntd=\count278
\pst@cntg=\count279
\pst@cnth=\count280
\pst@cntm=\count281
\pst@cntn=\count282
\pst@cnto=\count283
\pst@cntp=\count284
\@zero=\count285
\pst@toks=\toks28
--- We are running latex or xelatex ---

(e:/LaTeX2024/LaTeX2024/texlive/texlive/texlive/2024/texmf-dist/tex/xelatex/xet
ex-pstricks/pstricks.con
(e:/LaTeX2024/LaTeX2024/texlive/texlive/texlive/2024/texmf-dist/tex/generic/pst
ricks/config/xdvipdfmx.cfg))
(e:/LaTeX2024/LaTeX2024/texlive/texlive/texlive/2024/texmf-dist/tex/generic/pst
ricks/pstricks-color.tex)
\psunit=\dimen164
\psxunit=\dimen165
\psyunit=\dimen166
\pst@C@@rType=\count286
\pslinewidth=\dimen167
\psk@startLW=\dimen168
\psk@endLW=\dimen169

(e:/LaTeX2024/LaTeX2024/texlive/texlive/texlive/2024/texmf-dist/tex/generic/pst
ricks/pstricks-arrows.tex
\pshooklength=\dimen170
\pshookwidth=\dimen171
)
\pst@customdefs=\toks29

(e:/LaTeX2024/LaTeX2024/texlive/texlive/texlive/2024/texmf-dist/tex/generic/pst
ricks/pstricks-dots.tex)
\pslinearc=\dimen172
\pst@symbolStep=\dimen173
\pst@symbolWidth=\dimen174
\pst@symbolLinewidth=\dimen175
\everypsbox=\toks30
\psframesep=\dimen176
\pslabelsep=\dimen177
\sh@wgridXunit=\dimen178
\sh@wgridYunit=\dimen179
\pst@shift=\dimen180
\ps@imagectr=\count287

(e:/LaTeX2024/LaTeX2024/texlive/texlive/texlive/2024/texmf-dist/tex/xelatex/xet
ex-pstricks/pstricks.con
(e:/LaTeX2024/LaTeX2024/texlive/texlive/texlive/2024/texmf-dist/tex/generic/pst
ricks/config/xdvipdfmx.cfg
Using PSTricks configuration for LaTeX+dvipdfmx
)))
File: pstricks.tex 2024/02/02 v3.19c `PSTricks' (tvz,hv)

(e:/LaTeX2024/LaTeX2024/texlive/texlive/texlive/2024/texmf-dist/tex/generic/pst
ricks/pst-fp.tex `pst-fp' v0.06, 2020/11/20 (hv))
File: pst-fp.tex 2020/11/20 v0.06 `PST-fp' (hv)

>>> Loading XeTeX special macros

(e:/LaTeX2024/LaTeX2024/texlive/texlive/texlive/2024/texmf-dist/tex/generic/pst
ricks/pstricks-xetex.def))
(e:/LaTeX2024/LaTeX2024/texlive/texlive/texlive/2024/texmf-dist/tex/latex/pst-b
lur/pst-blur.sty
Package: pst-blur 2005/09/08 package wrapper for pst-blur.tex (hv)

(e:/LaTeX2024/LaTeX2024/texlive/texlive/texlive/2024/texmf-dist/tex/generic/pst
-blur/pst-blur.tex  v2.0, 2005/09/08)
File: pst-blur.tex 2005/09/08 v2.0 `PST-blur' (hv)
)
(e:/LaTeX2024/LaTeX2024/texlive/texlive/texlive/2024/texmf-dist/tex/latex/multi
do/multido.sty
Package: multido 2004/05/17 package wrapper for PSTricks `multido.tex', (HV/RN)


(e:/LaTeX2024/LaTeX2024/texlive/texlive/texlive/2024/texmf-dist/tex/generic/mul
tido/multido.tex  v1.42, 2010/05/14 <tvz>
\multido@count=\count288
\multidocount=\count289
\multido@stuff=\toks31
)
File: multido.tex 2010/05/14 v1.42 `multido' (tvz,hv)
)
(e:/LaTeX2024/LaTeX2024/texlive/texlive/texlive/2024/texmf-dist/tex/latex/graph
ics/graphicx.sty
Package: graphicx 2021/09/16 v1.2d Enhanced LaTeX Graphics (DPC,SPQR)

(e:/LaTeX2024/LaTeX2024/texlive/texlive/texlive/2024/texmf-dist/tex/latex/graph
ics/graphics.sty
Package: graphics 2022/03/10 v1.4e Standard LaTeX Graphics (DPC,SPQR)

(e:/LaTeX2024/LaTeX2024/texlive/texlive/texlive/2024/texmf-dist/tex/latex/graph
ics/trig.sty
Package: trig 2021/08/11 v1.11 sin cos tan (DPC)
)
(e:/LaTeX2024/LaTeX2024/texlive/texlive/texlive/2024/texmf-dist/tex/latex/graph
ics-cfg/graphics.cfg
File: graphics.cfg 2016/06/04 v1.11 sample graphics configuration
)
Package graphics Info: Driver file: xetex.def on input line 107.
)
\Gin@req@height=\dimen181
\Gin@req@width=\dimen182
)
(e:/LaTeX2024/LaTeX2024/texlive/texlive/texlive/2024/texmf-dist/tex/latex/pst-f
ill/pst-fill.sty
Package: pst-fill 2010/03/20 package wrapper for pst-fill.tex (hv)

(e:/LaTeX2024/LaTeX2024/texlive/texlive/texlive/2024/texmf-dist/tex/generic/pst
-fill/pst-fill.tex `PST-Fill' v1.02, 2021/10/01 (tvz,dg,hv)
\pst@fillbox=\box56
)
File: pst-fill.tex 2021/10/01 v1.02 `PST-fill' (tvz,dg,hv)
)
File: pst-poker 2023/02/13\ v0.03b\ [LaTeX poker package (HV)
\symsymbolsC=\mathgroup4
LaTeX Font Info:    Overwriting symbol font `symbolsC' in version `bold'
(Font)                  U/txsyc/m/n --> U/txsyc/bx/n on input line 148.
)
(e:/LaTeX2024/LaTeX2024/texlive/texlive/texlive/2024/texmf-dist/tex/latex/tcolo
rbox/tcolorbox.sty
Package: tcolorbox 2024/01/10 version 6.2.0 text color boxes

(e:/LaTeX2024/LaTeX2024/texlive/texlive/texlive/2024/texmf-dist/tex/latex/pgf/b
asiclayer/pgf.sty
Package: pgf 2023-01-15 v3.1.10 (3.1.10)

(e:/LaTeX2024/LaTeX2024/texlive/texlive/texlive/2024/texmf-dist/tex/latex/pgf/b
asiclayer/pgfcore.sty
(e:/LaTeX2024/LaTeX2024/texlive/texlive/texlive/2024/texmf-dist/tex/latex/pgf/s
ystemlayer/pgfsys.sty
(e:/LaTeX2024/LaTeX2024/texlive/texlive/texlive/2024/texmf-dist/tex/generic/pgf
/systemlayer/pgfsys.code.tex
Package: pgfsys 2023-01-15 v3.1.10 (3.1.10)
\pgf@x=\dimen183
\pgf@y=\dimen184
\pgf@xa=\dimen185
\pgf@ya=\dimen186
\pgf@xb=\dimen187
\pgf@yb=\dimen188
\pgf@xc=\dimen189
\pgf@yc=\dimen190
\pgf@xd=\dimen191
\pgf@yd=\dimen192
\w@pgf@writea=\write3
\r@pgf@reada=\read2
\c@pgf@counta=\count290
\c@pgf@countb=\count291
\c@pgf@countc=\count292
\c@pgf@countd=\count293
\t@pgf@toka=\toks32
\t@pgf@tokb=\toks33
\t@pgf@tokc=\toks34
\pgf@sys@id@count=\count294

(e:/LaTeX2024/LaTeX2024/texlive/texlive/texlive/2024/texmf-dist/tex/generic/pgf
/systemlayer/pgf.cfg
File: pgf.cfg 2023-01-15 v3.1.10 (3.1.10)
)
Driver file for pgf: pgfsys-xetex.def

(e:/LaTeX2024/LaTeX2024/texlive/texlive/texlive/2024/texmf-dist/tex/generic/pgf
/systemlayer/pgfsys-xetex.def
File: pgfsys-xetex.def 2023-01-15 v3.1.10 (3.1.10)

(e:/LaTeX2024/LaTeX2024/texlive/texlive/texlive/2024/texmf-dist/tex/generic/pgf
/systemlayer/pgfsys-dvipdfmx.def
File: pgfsys-dvipdfmx.def 2023-01-15 v3.1.10 (3.1.10)

(e:/LaTeX2024/LaTeX2024/texlive/texlive/texlive/2024/texmf-dist/tex/generic/pgf
/systemlayer/pgfsys-common-pdf.def
File: pgfsys-common-pdf.def 2023-01-15 v3.1.10 (3.1.10)
)
\pgfsys@objnum=\count295
)))
(e:/LaTeX2024/LaTeX2024/texlive/texlive/texlive/2024/texmf-dist/tex/generic/pgf
/systemlayer/pgfsyssoftpath.code.tex
File: pgfsyssoftpath.code.tex 2023-01-15 v3.1.10 (3.1.10)
\pgfsyssoftpath@smallbuffer@items=\count296
\pgfsyssoftpath@bigbuffer@items=\count297
)
(e:/LaTeX2024/LaTeX2024/texlive/texlive/texlive/2024/texmf-dist/tex/generic/pgf
/systemlayer/pgfsysprotocol.code.tex
File: pgfsysprotocol.code.tex 2023-01-15 v3.1.10 (3.1.10)
))
(e:/LaTeX2024/LaTeX2024/texlive/texlive/texlive/2024/texmf-dist/tex/generic/pgf
/basiclayer/pgfcore.code.tex
Package: pgfcore 2023-01-15 v3.1.10 (3.1.10)

(e:/LaTeX2024/LaTeX2024/texlive/texlive/texlive/2024/texmf-dist/tex/generic/pgf
/math/pgfint.code.tex)
(e:/LaTeX2024/LaTeX2024/texlive/texlive/texlive/2024/texmf-dist/tex/generic/pgf
/basiclayer/pgfcorepoints.code.tex
File: pgfcorepoints.code.tex 2023-01-15 v3.1.10 (3.1.10)
\pgf@picminx=\dimen193
\pgf@picmaxx=\dimen194
\pgf@picminy=\dimen195
\pgf@picmaxy=\dimen196
\pgf@pathminx=\dimen197
\pgf@pathmaxx=\dimen198
\pgf@pathminy=\dimen199
\pgf@pathmaxy=\dimen256
\pgf@xx=\dimen257
\pgf@xy=\dimen258
\pgf@yx=\dimen259
\pgf@yy=\dimen260
\pgf@zx=\dimen261
\pgf@zy=\dimen262
)
(e:/LaTeX2024/LaTeX2024/texlive/texlive/texlive/2024/texmf-dist/tex/generic/pgf
/basiclayer/pgfcorepathconstruct.code.tex
File: pgfcorepathconstruct.code.tex 2023-01-15 v3.1.10 (3.1.10)
\pgf@path@lastx=\dimen263
\pgf@path@lasty=\dimen264
)
(e:/LaTeX2024/LaTeX2024/texlive/texlive/texlive/2024/texmf-dist/tex/generic/pgf
/basiclayer/pgfcorepathusage.code.tex
File: pgfcorepathusage.code.tex 2023-01-15 v3.1.10 (3.1.10)
\pgf@shorten@end@additional=\dimen265
\pgf@shorten@start@additional=\dimen266
)
(e:/LaTeX2024/LaTeX2024/texlive/texlive/texlive/2024/texmf-dist/tex/generic/pgf
/basiclayer/pgfcorescopes.code.tex
File: pgfcorescopes.code.tex 2023-01-15 v3.1.10 (3.1.10)
\pgfpic=\box57
\pgf@hbox=\box58
\pgf@layerbox@main=\box59
\pgf@picture@serial@count=\count298
)
(e:/LaTeX2024/LaTeX2024/texlive/texlive/texlive/2024/texmf-dist/tex/generic/pgf
/basiclayer/pgfcoregraphicstate.code.tex
File: pgfcoregraphicstate.code.tex 2023-01-15 v3.1.10 (3.1.10)
\pgflinewidth=\dimen267
)
(e:/LaTeX2024/LaTeX2024/texlive/texlive/texlive/2024/texmf-dist/tex/generic/pgf
/basiclayer/pgfcoretransformations.code.tex
File: pgfcoretransformations.code.tex 2023-01-15 v3.1.10 (3.1.10)
\pgf@pt@x=\dimen268
\pgf@pt@y=\dimen269
\pgf@pt@temp=\dimen270
)
(e:/LaTeX2024/LaTeX2024/texlive/texlive/texlive/2024/texmf-dist/tex/generic/pgf
/basiclayer/pgfcorequick.code.tex
File: pgfcorequick.code.tex 2023-01-15 v3.1.10 (3.1.10)
)
(e:/LaTeX2024/LaTeX2024/texlive/texlive/texlive/2024/texmf-dist/tex/generic/pgf
/basiclayer/pgfcoreobjects.code.tex
File: pgfcoreobjects.code.tex 2023-01-15 v3.1.10 (3.1.10)
)
(e:/LaTeX2024/LaTeX2024/texlive/texlive/texlive/2024/texmf-dist/tex/generic/pgf
/basiclayer/pgfcorepathprocessing.code.tex
File: pgfcorepathprocessing.code.tex 2023-01-15 v3.1.10 (3.1.10)
)
(e:/LaTeX2024/LaTeX2024/texlive/texlive/texlive/2024/texmf-dist/tex/generic/pgf
/basiclayer/pgfcorearrows.code.tex
File: pgfcorearrows.code.tex 2023-01-15 v3.1.10 (3.1.10)
\pgfarrowsep=\dimen271
)
(e:/LaTeX2024/LaTeX2024/texlive/texlive/texlive/2024/texmf-dist/tex/generic/pgf
/basiclayer/pgfcoreshade.code.tex
File: pgfcoreshade.code.tex 2023-01-15 v3.1.10 (3.1.10)
\pgf@max=\dimen272
\pgf@sys@shading@range@num=\count299
\pgf@shadingcount=\count300
)
(e:/LaTeX2024/LaTeX2024/texlive/texlive/texlive/2024/texmf-dist/tex/generic/pgf
/basiclayer/pgfcoreimage.code.tex
File: pgfcoreimage.code.tex 2023-01-15 v3.1.10 (3.1.10)
)
(e:/LaTeX2024/LaTeX2024/texlive/texlive/texlive/2024/texmf-dist/tex/generic/pgf
/basiclayer/pgfcoreexternal.code.tex
File: pgfcoreexternal.code.tex 2023-01-15 v3.1.10 (3.1.10)
\pgfexternal@startupbox=\box60
)
(e:/LaTeX2024/LaTeX2024/texlive/texlive/texlive/2024/texmf-dist/tex/generic/pgf
/basiclayer/pgfcorelayers.code.tex
File: pgfcorelayers.code.tex 2023-01-15 v3.1.10 (3.1.10)
)
(e:/LaTeX2024/LaTeX2024/texlive/texlive/texlive/2024/texmf-dist/tex/generic/pgf
/basiclayer/pgfcoretransparency.code.tex
File: pgfcoretransparency.code.tex 2023-01-15 v3.1.10 (3.1.10)
)
(e:/LaTeX2024/LaTeX2024/texlive/texlive/texlive/2024/texmf-dist/tex/generic/pgf
/basiclayer/pgfcorepatterns.code.tex
File: pgfcorepatterns.code.tex 2023-01-15 v3.1.10 (3.1.10)
)
(e:/LaTeX2024/LaTeX2024/texlive/texlive/texlive/2024/texmf-dist/tex/generic/pgf
/basiclayer/pgfcorerdf.code.tex
File: pgfcorerdf.code.tex 2023-01-15 v3.1.10 (3.1.10)
)))
(e:/LaTeX2024/LaTeX2024/texlive/texlive/texlive/2024/texmf-dist/tex/generic/pgf
/modules/pgfmoduleshapes.code.tex
File: pgfmoduleshapes.code.tex 2023-01-15 v3.1.10 (3.1.10)
\pgfnodeparttextbox=\box61
)
(e:/LaTeX2024/LaTeX2024/texlive/texlive/texlive/2024/texmf-dist/tex/generic/pgf
/modules/pgfmoduleplot.code.tex
File: pgfmoduleplot.code.tex 2023-01-15 v3.1.10 (3.1.10)
)
(e:/LaTeX2024/LaTeX2024/texlive/texlive/texlive/2024/texmf-dist/tex/latex/pgf/c
ompatibility/pgfcomp-version-0-65.sty
Package: pgfcomp-version-0-65 2023-01-15 v3.1.10 (3.1.10)
\pgf@nodesepstart=\dimen273
\pgf@nodesepend=\dimen274
)
(e:/LaTeX2024/LaTeX2024/texlive/texlive/texlive/2024/texmf-dist/tex/latex/pgf/c
ompatibility/pgfcomp-version-1-18.sty
Package: pgfcomp-version-1-18 2023-01-15 v3.1.10 (3.1.10)
))
(e:/LaTeX2024/LaTeX2024/texlive/texlive/texlive/2024/texmf-dist/tex/latex/tools
/verbatim.sty
Package: verbatim 2023-11-06 v1.5v LaTeX2e package for verbatim enhancements
\every@verbatim=\toks35
\verbatim@line=\toks36
\verbatim@in@stream=\read3
)
(e:/LaTeX2024/LaTeX2024/texlive/texlive/texlive/2024/texmf-dist/tex/latex/envir
on/environ.sty
Package: environ 2014/05/04 v0.3 A new way to define environments

(e:/LaTeX2024/LaTeX2024/texlive/texlive/texlive/2024/texmf-dist/tex/latex/trims
paces/trimspaces.sty
Package: trimspaces 2009/09/17 v1.1 Trim spaces around a token list
)
\@envbody=\toks37
)
(e:/LaTeX2024/LaTeX2024/texlive/texlive/texlive/2024/texmf-dist/tex/latex/etool
box/etoolbox.sty
Package: etoolbox 2020/10/05 v2.5k e-TeX tools for LaTeX (JAW)
\etb@tempcnta=\count301
)
\tcb@titlebox=\box62
\tcb@upperbox=\box63
\tcb@lowerbox=\box64
\tcb@phantombox=\box65
\c@tcbbreakpart=\count302
\c@tcblayer=\count303
\c@tcolorbox@number=\count304
\l__tcobox_tmpa_box=\box66
\l__tcobox_tmpa_dim=\dimen275
\tcb@temp=\box67
\tcb@temp=\box68
\tcb@temp=\box69
\tcb@temp=\box70

(e:/LaTeX2024/LaTeX2024/texlive/texlive/texlive/2024/texmf-dist/tex/latex/tcolo
rbox/tcbposter.code.tex
Library (tcolorbox): 'tcbposter.code.tex' version '6.2.0'

(e:/LaTeX2024/LaTeX2024/texlive/texlive/texlive/2024/texmf-dist/tex/latex/tcolo
rbox/tcbbreakable.code.tex
Library (tcolorbox): 'tcbbreakable.code.tex' version '6.2.0'

(e:/LaTeX2024/LaTeX2024/texlive/texlive/texlive/2024/texmf-dist/tex/latex/pdfco
l/pdfcol.sty
Package: pdfcol 2022-09-21 v1.7 Handle new color stacks for pdfTeX (HO)

(e:/LaTeX2024/LaTeX2024/texlive/texlive/texlive/2024/texmf-dist/tex/generic/ltx
cmds/ltxcmds.sty
Package: ltxcmds 2023-12-04 v1.26 LaTeX kernel commands for general use (HO)
)
(e:/LaTeX2024/LaTeX2024/texlive/texlive/texlive/2024/texmf-dist/tex/generic/inf
warerr/infwarerr.sty
Package: infwarerr 2019/12/03 v1.5 Providing info/warning/error messages (HO)
)
Package pdfcol Info: Interface disabled because of missing PDF mode of pdfTeX.
)
Package pdfcol Info: pdfTeX's color stacks are not available.
\tcb@testbox=\box71
\tcb@totalupperbox=\box72
\tcb@totallowerbox=\box73
)
(e:/LaTeX2024/LaTeX2024/texlive/texlive/texlive/2024/texmf-dist/tex/latex/tcolo
rbox/tcbmagazine.code.tex
Library (tcolorbox): 'tcbmagazine.code.tex' version '6.2.0'
)
(e:/LaTeX2024/LaTeX2024/texlive/texlive/texlive/2024/texmf-dist/tex/latex/tcolo
rbox/tcbskins.code.tex
Library (tcolorbox): 'tcbskins.code.tex' version '6.2.0'

(e:/LaTeX2024/LaTeX2024/texlive/texlive/texlive/2024/texmf-dist/tex/latex/pgf/f
rontendlayer/tikz.sty
(e:/LaTeX2024/LaTeX2024/texlive/texlive/texlive/2024/texmf-dist/tex/generic/pgf
/frontendlayer/tikz/tikz.code.tex
Package: tikz 2023-01-15 v3.1.10 (3.1.10)

(e:/LaTeX2024/LaTeX2024/texlive/texlive/texlive/2024/texmf-dist/tex/generic/pgf
/libraries/pgflibraryplothandlers.code.tex
File: pgflibraryplothandlers.code.tex 2023-01-15 v3.1.10 (3.1.10)
\pgf@plot@mark@count=\count305
\pgfplotmarksize=\dimen276
)
\tikz@lastx=\dimen277
\tikz@lasty=\dimen278
\tikz@lastxsaved=\dimen279
\tikz@lastysaved=\dimen280
\tikz@lastmovetox=\dimen281
\tikz@lastmovetoy=\dimen282
\tikzleveldistance=\dimen283
\tikzsiblingdistance=\dimen284
\tikz@figbox=\box74
\tikz@figbox@bg=\box75
\tikz@tempbox=\box76
\tikz@tempbox@bg=\box77
\tikztreelevel=\count306
\tikznumberofchildren=\count307
\tikznumberofcurrentchild=\count308
\tikz@fig@count=\count309

(e:/LaTeX2024/LaTeX2024/texlive/texlive/texlive/2024/texmf-dist/tex/generic/pgf
/modules/pgfmodulematrix.code.tex
File: pgfmodulematrix.code.tex 2023-01-15 v3.1.10 (3.1.10)
\pgfmatrixcurrentrow=\count310
\pgfmatrixcurrentcolumn=\count311
\pgf@matrix@numberofcolumns=\count312
)
\tikz@expandcount=\count313

(e:/LaTeX2024/LaTeX2024/texlive/texlive/texlive/2024/texmf-dist/tex/generic/pgf
/frontendlayer/tikz/libraries/tikzlibrarytopaths.code.tex
File: tikzlibrarytopaths.code.tex 2023-01-15 v3.1.10 (3.1.10)
)))
(e:/LaTeX2024/LaTeX2024/texlive/texlive/texlive/2024/texmf-dist/tex/latex/tikzf
ill/tikzfill.image.sty
Package: tikzfill.image 2023/08/08 v1.0.1 Image filling library for TikZ

(e:/LaTeX2024/LaTeX2024/texlive/texlive/texlive/2024/texmf-dist/tex/latex/tikzf
ill/tikzfill-common.sty
Package: tikzfill-common 2023/08/08 v1.0.1 Auxiliary code for tikzfill
)
(e:/LaTeX2024/LaTeX2024/texlive/texlive/texlive/2024/texmf-dist/tex/latex/tikzf
ill/tikzlibraryfill.image.code.tex
File: tikzlibraryfill.image.code.tex 2023/08/08 v1.0.1 Image filling library
\l__tikzfill_img_box=\box78
))
(e:/LaTeX2024/LaTeX2024/texlive/texlive/texlive/2024/texmf-dist/tex/latex/tcolo
rbox/tcbskinsjigsaw.code.tex
Library (tcolorbox): 'tcbskinsjigsaw.code.tex' version '6.2.0'
))
(e:/LaTeX2024/LaTeX2024/texlive/texlive/texlive/2024/texmf-dist/tex/latex/tcolo
rbox/tcbfitting.code.tex
Library (tcolorbox): 'tcbfitting.code.tex' version '6.2.0'
\tcbfitdim=\dimen285
\tcb@lowerfitdim=\dimen286
\tcb@upperfitdim=\dimen287
\tcb@cur@hbadness=\count314
)))
(e:/LaTeX2024/LaTeX2024/texlive/texlive/texlive/2024/texmf-dist/tex/latex/geome
try/geometry.sty
Package: geometry 2020/01/02 v5.9 Page Geometry

(e:/LaTeX2024/LaTeX2024/texlive/texlive/texlive/2024/texmf-dist/tex/generic/ift
ex/ifvtex.sty
Package: ifvtex 2019/10/25 v1.7 ifvtex legacy package. Use iftex instead.
)
\Gm@cnth=\count315
\Gm@cntv=\count316
\c@Gm@tempcnt=\count317
\Gm@bindingoffset=\dimen288
\Gm@wd@mp=\dimen289
\Gm@odd@mp=\dimen290
\Gm@even@mp=\dimen291
\Gm@layoutwidth=\dimen292
\Gm@layoutheight=\dimen293
\Gm@layouthoffset=\dimen294
\Gm@layoutvoffset=\dimen295
\Gm@dimlist=\toks38
)
(e:/LaTeX2024/LaTeX2024/texlive/texlive/texlive/2024/texmf-dist/tex/latex/amsfo
nts/amssymb.sty
Package: amssymb 2013/01/14 v3.01 AMS font symbols

(e:/LaTeX2024/LaTeX2024/texlive/texlive/texlive/2024/texmf-dist/tex/latex/amsfo
nts/amsfonts.sty
Package: amsfonts 2013/01/14 v3.01 Basic AMSFonts support
\@emptytoks=\toks39
\symAMSa=\mathgroup5
\symAMSb=\mathgroup6
LaTeX Font Info:    Redeclaring math symbol \hbar on input line 98.
LaTeX Font Info:    Overwriting math alphabet `\mathfrak' in version `bold'
(Font)                  U/euf/m/n --> U/euf/b/n on input line 106.
))
(e:/LaTeX2024/LaTeX2024/texlive/texlive/texlive/2024/texmf-dist/tex/latex/tools
/bm.sty
Package: bm 2023/07/08 v1.2f Bold Symbol Support (DPC/FMi)
\symboldoperators=\mathgroup7
\symboldletters=\mathgroup8
\symboldsymbols=\mathgroup9
Package bm Info: No bold for \OMX/cmex/m/n, using \pmb.
\symboldsymbolsC=\mathgroup10
Package bm Info: No bold for \U/msa/m/n, using \pmb.
Package bm Info: No bold for \U/msb/m/n, using \pmb.
LaTeX Font Info:    Redeclaring math alphabet \mathbf on input line 149.
)
(e:/LaTeX2024/LaTeX2024/texlive/texlive/texlive/2024/texmf-dist/tex/latex/hyper
ref/hyperref.sty
Package: hyperref 2024-01-20 v7.01h Hypertext links for LaTeX

(e:/LaTeX2024/LaTeX2024/texlive/texlive/texlive/2024/texmf-dist/tex/latex/kvset
keys/kvsetkeys.sty
Package: kvsetkeys 2022-10-05 v1.19 Key value parser (HO)
)
(e:/LaTeX2024/LaTeX2024/texlive/texlive/texlive/2024/texmf-dist/tex/generic/kvd
efinekeys/kvdefinekeys.sty
Package: kvdefinekeys 2019-12-19 v1.6 Define keys (HO)
)
(e:/LaTeX2024/LaTeX2024/texlive/texlive/texlive/2024/texmf-dist/tex/generic/pdf
escape/pdfescape.sty
Package: pdfescape 2019/12/09 v1.15 Implements pdfTeX's escape features (HO)

(e:/LaTeX2024/LaTeX2024/texlive/texlive/texlive/2024/texmf-dist/tex/generic/pdf
texcmds/pdftexcmds.sty
Package: pdftexcmds 2020-06-27 v0.33 Utility functions of pdfTeX for LuaTeX (HO
)
Package pdftexcmds Info: \pdf@primitive is available.
Package pdftexcmds Info: \pdf@ifprimitive is available.
Package pdftexcmds Info: \pdfdraftmode not found.
))
(e:/LaTeX2024/LaTeX2024/texlive/texlive/texlive/2024/texmf-dist/tex/latex/hycol
or/hycolor.sty
Package: hycolor 2020-01-27 v1.10 Color options for hyperref/bookmark (HO)
)
(e:/LaTeX2024/LaTeX2024/texlive/texlive/texlive/2024/texmf-dist/tex/latex/auxho
ok/auxhook.sty
Package: auxhook 2019-12-17 v1.6 Hooks for auxiliary files (HO)
)
(e:/LaTeX2024/LaTeX2024/texlive/texlive/texlive/2024/texmf-dist/tex/latex/hyper
ref/nameref.sty
Package: nameref 2023-11-26 v2.56 Cross-referencing by name of section

(e:/LaTeX2024/LaTeX2024/texlive/texlive/texlive/2024/texmf-dist/tex/latex/refco
unt/refcount.sty
Package: refcount 2019/12/15 v3.6 Data extraction from label references (HO)
)
(e:/LaTeX2024/LaTeX2024/texlive/texlive/texlive/2024/texmf-dist/tex/generic/get
titlestring/gettitlestring.sty
Package: gettitlestring 2019/12/15 v1.6 Cleanup title references (HO)

(e:/LaTeX2024/LaTeX2024/texlive/texlive/texlive/2024/texmf-dist/tex/latex/kvopt
ions/kvoptions.sty
Package: kvoptions 2022-06-15 v3.15 Key value format for package options (HO)
))
\c@section@level=\count318
)
\@linkdim=\dimen296
\Hy@linkcounter=\count319
\Hy@pagecounter=\count320

(e:/LaTeX2024/LaTeX2024/texlive/texlive/texlive/2024/texmf-dist/tex/latex/hyper
ref/pd1enc.def
File: pd1enc.def 2024-01-20 v7.01h Hyperref: PDFDocEncoding definition (HO)
)
(e:/LaTeX2024/LaTeX2024/texlive/texlive/texlive/2024/texmf-dist/tex/generic/int
calc/intcalc.sty
Package: intcalc 2019/12/15 v1.3 Expandable calculations with integers (HO)
)
\Hy@SavedSpaceFactor=\count321

(e:/LaTeX2024/LaTeX2024/texlive/texlive/texlive/2024/texmf-dist/tex/latex/hyper
ref/puenc.def
File: puenc.def 2024-01-20 v7.01h Hyperref: PDF Unicode definition (HO)
)
Package hyperref Info: Hyper figures OFF on input line 4179.
Package hyperref Info: Link nesting OFF on input line 4184.
Package hyperref Info: Hyper index ON on input line 4187.
Package hyperref Info: Plain pages OFF on input line 4194.
Package hyperref Info: Backreferencing OFF on input line 4199.
Package hyperref Info: Implicit mode ON; LaTeX internals redefined.
Package hyperref Info: Bookmarks ON on input line 4446.
\c@Hy@tempcnt=\count322

(e:/LaTeX2024/LaTeX2024/texlive/texlive/texlive/2024/texmf-dist/tex/latex/url/u
rl.sty
\Urlmuskip=\muskip16
Package: url 2013/09/16  ver 3.4  Verb mode for urls, etc.
)
LaTeX Info: Redefining \url on input line 4784.
\XeTeXLinkMargin=\dimen297

(e:/LaTeX2024/LaTeX2024/texlive/texlive/texlive/2024/texmf-dist/tex/generic/bit
set/bitset.sty
Package: bitset 2019/12/09 v1.3 Handle bit-vector datatype (HO)

(e:/LaTeX2024/LaTeX2024/texlive/texlive/texlive/2024/texmf-dist/tex/generic/big
intcalc/bigintcalc.sty
Package: bigintcalc 2019/12/15 v1.5 Expandable calculations on big integers (HO
)
))
\Fld@menulength=\count323
\Field@Width=\dimen298
\Fld@charsize=\dimen299
Package hyperref Info: Hyper figures OFF on input line 6063.
Package hyperref Info: Link nesting OFF on input line 6068.
Package hyperref Info: Hyper index ON on input line 6071.
Package hyperref Info: backreferencing OFF on input line 6078.
Package hyperref Info: Link coloring OFF on input line 6083.
Package hyperref Info: Link coloring with OCG OFF on input line 6088.
Package hyperref Info: PDF/A mode OFF on input line 6093.

(e:/LaTeX2024/LaTeX2024/texlive/texlive/texlive/2024/texmf-dist/tex/latex/base/
atbegshi-ltx.sty
Package: atbegshi-ltx 2021/01/10 v1.0c Emulation of the original atbegshi
package with kernel methods
)
\Hy@abspage=\count324
\c@Item=\count325
\c@Hfootnote=\count326
)
Package hyperref Info: Driver (autodetected): hxetex.

(e:/LaTeX2024/LaTeX2024/texlive/texlive/texlive/2024/texmf-dist/tex/latex/hyper
ref/hxetex.def
File: hxetex.def 2024-01-20 v7.01h Hyperref driver for XeTeX

(e:/LaTeX2024/LaTeX2024/texlive/texlive/texlive/2024/texmf-dist/tex/generic/str
ingenc/stringenc.sty
Package: stringenc 2019/11/29 v1.12 Convert strings between diff. encodings (HO
)
)
\pdfm@box=\box79
\c@Hy@AnnotLevel=\count327
\HyField@AnnotCount=\count328
\Fld@listcount=\count329
\c@bookmark@seq@number=\count330

(e:/LaTeX2024/LaTeX2024/texlive/texlive/texlive/2024/texmf-dist/tex/latex/rerun
filecheck/rerunfilecheck.sty
Package: rerunfilecheck 2022-07-10 v1.10 Rerun checks for auxiliary files (HO)

(e:/LaTeX2024/LaTeX2024/texlive/texlive/texlive/2024/texmf-dist/tex/latex/base/
atveryend-ltx.sty
Package: atveryend-ltx 2020/08/19 v1.0a Emulation of the original atveryend pac
kage
with kernel methods
)
(e:/LaTeX2024/LaTeX2024/texlive/texlive/texlive/2024/texmf-dist/tex/generic/uni
quecounter/uniquecounter.sty
Package: uniquecounter 2019/12/15 v1.4 Provide unlimited unique counter (HO)
)
Package uniquecounter Info: New unique counter `rerunfilecheck' on input line 2
85.
)
\Hy@SectionHShift=\skip50
)
(e:/LaTeX2024/LaTeX2024/texlive/texlive/texlive/2024/texmf-dist/tex/latex/jknap
ltx/mathrsfs.sty
Package: mathrsfs 1996/01/01 Math RSFS package v1.0 (jk)
\symrsfs=\mathgroup11
)
(e:/LaTeX2024/LaTeX2024/texlive/texlive/texlive/2024/texmf-dist/tex/latex/l3bac
kend/l3backend-xetex.def
File: l3backend-xetex.def 2024-02-20 L3 backend support: XeTeX
\g__graphics_track_int=\count331
\l__pdf_internal_box=\box80
\g__pdf_backend_object_int=\count332
\g__pdf_backend_annotation_int=\count333
\g__pdf_backend_link_int=\count334
) (./poker-en.aux)
\openout1 = `poker-en.aux'.

LaTeX Font Info:    Checking defaults for OML/cmm/m/it on input line 13.
LaTeX Font Info:    ... okay on input line 13.
LaTeX Font Info:    Checking defaults for OMS/cmsy/m/n on input line 13.
LaTeX Font Info:    ... okay on input line 13.
LaTeX Font Info:    Checking defaults for OT1/cmr/m/n on input line 13.
LaTeX Font Info:    ... okay on input line 13.
LaTeX Font Info:    Checking defaults for T1/cmr/m/n on input line 13.
LaTeX Font Info:    ... okay on input line 13.
LaTeX Font Info:    Checking defaults for TS1/cmr/m/n on input line 13.
LaTeX Font Info:    Trying to load font information for TS1+cmr on input line 1
3.

(e:/LaTeX2024/LaTeX2024/texlive/texlive/texlive/2024/texmf-dist/tex/latex/base/
ts1cmr.fd
File: ts1cmr.fd 2023/04/13 v2.5m Standard LaTeX font definitions
)
LaTeX Font Info:    ... okay on input line 13.
LaTeX Font Info:    Checking defaults for TU/lmr/m/n on input line 13.
LaTeX Font Info:    ... okay on input line 13.
LaTeX Font Info:    Checking defaults for OMX/cmex/m/n on input line 13.
LaTeX Font Info:    ... okay on input line 13.
LaTeX Font Info:    Checking defaults for U/cmr/m/n on input line 13.
LaTeX Font Info:    ... okay on input line 13.
LaTeX Font Info:    Checking defaults for PD1/pdf/m/n on input line 13.
LaTeX Font Info:    ... okay on input line 13.
LaTeX Font Info:    Checking defaults for PU/pdf/m/n on input line 13.
LaTeX Font Info:    ... okay on input line 13.

*geometry* driver: auto-detecting
*geometry* detected driver: xetex
*geometry* verbose mode - [ preamble ] result:
* driver: xetex
* paper: custom
* layout: <same size as paper>
* layoutoffset:(h,v)=(0.0pt,0.0pt)
* modes: 
* h-part:(L,W,R)=(24.32735pt, 113.52592pt, 24.32735pt)
* v-part:(T,H,B)=(30.04642pt, 175.26826pt, 45.06966pt)
* \paperwidth=162.18062pt
* \paperheight=250.38434pt
* \textwidth=113.52592pt
* \textheight=175.26826pt
* \oddsidemargin=-47.94264pt
* \evensidemargin=-47.94264pt
* \topmargin=-79.22357pt
* \headheight=12.0pt
* \headsep=25.0pt
* \topskip=12.0pt
* \footskip=30.0pt
* \marginparwidth=44.0pt
* \marginparsep=10.0pt
* \columnsep=10.0pt
* \skip\footins=10.8pt plus 4.0pt minus 2.0pt
* \hoffset=0.0pt
* \voffset=0.0pt
* \mag=1000
* \@twocolumnfalse
* \@twosidefalse
* \@mparswitchfalse
* \@reversemarginfalse
* (1in=72.27pt=25.4mm, 1cm=28.453pt)

Package hyperref Info: Link coloring OFF on input line 13.
(./poker-en.out) (./poker-en.out)
\@outlinefile=\write4
\openout4 = `poker-en.out'.

\tcb@box@array@box=\box81
LaTeX Font Info:    Trying to load font information for U+txsyc on input line 4
0.

(e:/LaTeX2024/LaTeX2024/texlive/texlive/texlive/2024/texmf-dist/tex/latex/txfon
ts/utxsyc.fd
File: utxsyc.fd 2000/12/15 v3.1
)
LaTeX Font Info:    Trying to load font information for U+msa on input line 40.


(e:/LaTeX2024/LaTeX2024/texlive/texlive/texlive/2024/texmf-dist/tex/latex/amsfo
nts/umsa.fd
File: umsa.fd 2013/01/14 v3.01 AMS symbols A
)
LaTeX Font Info:    Trying to load font information for U+msb on input line 40.


(e:/LaTeX2024/LaTeX2024/texlive/texlive/texlive/2024/texmf-dist/tex/latex/amsfo
nts/umsb.fd
File: umsb.fd 2013/01/14 v3.01 AMS symbols B
)
LaTeX Font Info:    Trying to load font information for U+rsfs on input line 40
.

(e:/LaTeX2024/LaTeX2024/texlive/texlive/texlive/2024/texmf-dist/tex/latex/jknap
ltx/ursfs.fd
File: ursfs.fd 1998/03/24 rsfs font definition file (jk)
)
Overfull \hbox (40.92778pt too wide) in paragraph at lines 40--40
[][]\TU/lmss/m/n/24.88 Q$\U/txsyc/m/n/24.88 r$[]  
 []

File: 头像2.png Graphic file (type bmp)
<头像2.png>

Overfull \hbox (5.83401pt too wide) in paragraph at lines 62--62
 [][]
 []

LaTeX Font Info:    Calculating math sizes for size <5.5> on input line 76.

LaTeX Font Warning: Font shape `OT1/cmr/m/n' in size <5.5> not available
(Font)              size <5> substituted on input line 76.


LaTeX Font Warning: Font shape `OT1/cmr/m/n' in size <3.84998> not available
(Font)              size <5> substituted on input line 76.


LaTeX Font Warning: Font shape `OT1/cmr/m/n' in size <2.75> not available
(Font)              size <5> substituted on input line 76.


LaTeX Font Warning: Font shape `OML/cmm/m/it' in size <5.5> not available
(Font)              size <5> substituted on input line 76.


LaTeX Font Warning: Font shape `OML/cmm/m/it' in size <3.84998> not available
(Font)              size <5> substituted on input line 76.


LaTeX Font Warning: Font shape `OML/cmm/m/it' in size <2.75> not available
(Font)              size <5> substituted on input line 76.


LaTeX Font Warning: Font shape `OMS/cmsy/m/n' in size <5.5> not available
(Font)              size <5> substituted on input line 76.


LaTeX Font Warning: Font shape `OMS/cmsy/m/n' in size <3.84998> not available
(Font)              size <5> substituted on input line 76.


LaTeX Font Warning: Font shape `OMS/cmsy/m/n' in size <2.75> not available
(Font)              size <5> substituted on input line 76.


LaTeX Font Warning: Font shape `OT1/cmr/bx/n' in size <5.5> not available
(Font)              size <5> substituted on input line 76.


LaTeX Font Warning: Font shape `OT1/cmr/bx/n' in size <3.84998> not available
(Font)              size <5> substituted on input line 76.


LaTeX Font Warning: Font shape `OT1/cmr/bx/n' in size <2.75> not available
(Font)              size <5> substituted on input line 76.


LaTeX Font Warning: Font shape `OML/cmm/b/it' in size <5.5> not available
(Font)              size <5> substituted on input line 76.


LaTeX Font Warning: Font shape `OML/cmm/b/it' in size <3.84998> not available
(Font)              size <5> substituted on input line 76.


LaTeX Font Warning: Font shape `OML/cmm/b/it' in size <2.75> not available
(Font)              size <5> substituted on input line 76.


LaTeX Font Warning: Font shape `OMS/cmsy/b/n' in size <5.5> not available
(Font)              size <5> substituted on input line 76.


LaTeX Font Warning: Font shape `OMS/cmsy/b/n' in size <3.84998> not available
(Font)              size <5> substituted on input line 76.


LaTeX Font Warning: Font shape `OMS/cmsy/b/n' in size <2.75> not available
(Font)              size <5> substituted on input line 76.


LaTeX Font Warning: Font shape `U/rsfs/m/n' in size <5.5> not available
(Font)              size <5> substituted on input line 76.


LaTeX Font Warning: Font shape `U/rsfs/m/n' in size <3.84998> not available
(Font)              size <5> substituted on input line 76.


LaTeX Font Warning: Font shape `U/rsfs/m/n' in size <2.75> not available
(Font)              size <5> substituted on input line 76.

File: 头像2.png Graphic file (type bmp)
<头像2.png>

Overfull \hbox (3.99634pt too wide) in paragraph at lines 88--88
 [][]
 []


Overfull \hbox (5.83401pt too wide) in paragraph at lines 100--100
 [][]
 []


Overfull \hbox (44.92735pt too wide) in paragraph at lines 112--112
 [][]
 []

[1


] (./poker-en.aux)
 ***********
LaTeX2e <2023-11-01> patch level 1
L3 programming layer <2024-02-20>
 ***********


LaTeX Font Warning: Size substitutions with differences
(Font)              up to 2.25pt have occurred.

Package rerunfilecheck Info: File `poker-en.out' has not changed.
(rerunfilecheck)             Checksum: D41D8CD98F00B204E9800998ECF8427E;0.
 ) 
Here is how much of TeX's memory you used:
 28026 strings out of 474773
 577292 string characters out of 5747049
 2024842 words of memory out of 5000000
 49737 multiletter control sequences out of 15000+600000
 572359 words of font info for 97 fonts, out of 8000000 for 9000
 1348 hyphenation exceptions out of 8191
 90i,9n,87p,492b,1892s stack positions out of 10000i,1000n,20000p,200000b,200000s

Output written on poker-en.pdf (1 page).
